[0.236s] Invoking command in '/workspaces/zedf9k_eval_ws/ros_gnss_ws/src/rtcm_provider_ros/build/rtcm_msgs': CMAKE_PREFIX_PATH=${CMAKE_PREFIX_PATH}:/workspaces/zedf9k_eval_ws/ros_gnss_ws/install/ublox_gnss:/workspaces/zedf9k_eval_ws/ros_gnss_ws/install/rtcm_provider:/opt/ros/galactic /usr/bin/cmake /workspaces/zedf9k_eval_ws/ros_gnss_ws/src/rtcm_provider_ros/rtcm_msgs -DCMAKE_INSTALL_PREFIX=/workspaces/zedf9k_eval_ws/ros_gnss_ws/src/rtcm_provider_ros/install/rtcm_msgs
[0.642s] -- The C compiler identification is GNU 9.4.0
[0.955s] -- The CXX compiler identification is GNU 9.4.0
[1.016s] -- Check for working C compiler: /usr/bin/cc
[1.761s] -- Check for working C compiler: /usr/bin/cc -- works
[1.766s] -- Detecting C compiler ABI info
[2.484s] -- Detecting C compiler ABI info - done
[2.503s] -- Detecting C compile features
[2.505s] -- Detecting C compile features - done
[2.559s] -- Check for working CXX compiler: /usr/bin/c++
[3.325s] -- Check for working CXX compiler: /usr/bin/c++ -- works
[3.331s] -- Detecting CXX compiler ABI info
[4.083s] -- Detecting CXX compiler ABI info - done
[4.114s] -- Detecting CXX compile features
[4.116s] -- Detecting CXX compile features - done
[4.235s] -- Found ros_environment: 3.1.1 (/opt/ros/galactic/share/ros_environment/cmake)
[4.308s] -- Found std_msgs: 2.2.4 (/opt/ros/galactic/share/std_msgs/cmake)
[4.631s] -- Found PythonInterp: /usr/bin/python3 (found suitable version "3.8.10", minimum required is "3") 
[4.632s] -- Using PYTHON_EXECUTABLE: /usr/bin/python3
[7.054s] -- Using all available rosidl_typesupport_c: rosidl_typesupport_fastrtps_c;rosidl_typesupport_introspection_c
[7.283s] -- Found rosidl_adapter: 2.2.3 (/opt/ros/galactic/share/rosidl_adapter/cmake)
[8.463s] -- Found OpenSSL: /usr/lib/x86_64-linux-gnu/libcrypto.so (found version "1.1.1f")  
[8.648s] -- Found FastRTPS: /opt/ros/galactic/include  
[9.351s] -- Using all available rosidl_typesupport_cpp: rosidl_typesupport_fastrtps_cpp;rosidl_typesupport_introspection_cpp
[9.607s] -- Found rosidl_default_generators: 1.1.1 (/opt/ros/galactic/share/rosidl_default_generators/cmake)
[9.935s] -- Found PythonInterp: /usr/bin/python3 (found version "3.8.10") 
[11.348s] -- Found ament_cmake_cppcheck: 0.10.7 (/opt/ros/galactic/share/ament_cmake_cppcheck/cmake)
[11.427s] -- Found ament_cmake_cpplint: 0.10.7 (/opt/ros/galactic/share/ament_cmake_cpplint/cmake)
[11.537s] -- Found ament_cmake_uncrustify: 0.10.7 (/opt/ros/galactic/share/ament_cmake_uncrustify/cmake)
[11.615s] -- Found ament_cmake_ros: 0.9.2 (/opt/ros/galactic/share/ament_cmake_ros/cmake)
[13.472s] -- Using all available rosidl_typesupport_c: rosidl_typesupport_fastrtps_c;rosidl_typesupport_introspection_c
[14.215s] -- Using all available rosidl_typesupport_cpp: rosidl_typesupport_fastrtps_cpp;rosidl_typesupport_introspection_cpp
[14.401s] -- Found PythonInterp: /usr/bin/python3 (found suitable version "3.8.10", minimum required is "3.5") 
[14.474s] -- Found python_cmake_module: 0.8.1 (/opt/ros/galactic/share/python_cmake_module/cmake)
[14.824s] -- Found PythonLibs: /usr/lib/x86_64-linux-gnu/libpython3.8.so (found suitable version "3.8.10", minimum required is "3.5") 
[14.825s] -- Using PYTHON_EXECUTABLE: /usr/bin/python3
[14.827s] -- Using PYTHON_INCLUDE_DIRS: /usr/include/python3.8
[14.829s] -- Using PYTHON_LIBRARIES: /usr/lib/x86_64-linux-gnu/libpython3.8.so
[14.996s] -- Found PythonExtra: .so  
[16.296s] -- Using numpy include directory: /usr/local/lib/python3.8/dist-packages/numpy/core/include
[16.381s] -- Found ament_cmake_flake8: 0.10.7 (/opt/ros/galactic/share/ament_cmake_flake8/cmake)
[16.460s] -- Found ament_cmake_pep257: 0.10.7 (/opt/ros/galactic/share/ament_cmake_pep257/cmake)
[17.360s] -- Configuring done
[18.543s] -- Generating done
[18.705s] -- Build files have been written to: /workspaces/zedf9k_eval_ws/ros_gnss_ws/src/rtcm_provider_ros/build/rtcm_msgs
[18.712s] Invoked command in '/workspaces/zedf9k_eval_ws/ros_gnss_ws/src/rtcm_provider_ros/build/rtcm_msgs' returned '0': CMAKE_PREFIX_PATH=${CMAKE_PREFIX_PATH}:/workspaces/zedf9k_eval_ws/ros_gnss_ws/install/ublox_gnss:/workspaces/zedf9k_eval_ws/ros_gnss_ws/install/rtcm_provider:/opt/ros/galactic /usr/bin/cmake /workspaces/zedf9k_eval_ws/ros_gnss_ws/src/rtcm_provider_ros/rtcm_msgs -DCMAKE_INSTALL_PREFIX=/workspaces/zedf9k_eval_ws/ros_gnss_ws/src/rtcm_provider_ros/install/rtcm_msgs
[18.721s] Invoking command in '/workspaces/zedf9k_eval_ws/ros_gnss_ws/src/rtcm_provider_ros/build/rtcm_msgs': CMAKE_PREFIX_PATH=${CMAKE_PREFIX_PATH}:/workspaces/zedf9k_eval_ws/ros_gnss_ws/install/ublox_gnss:/workspaces/zedf9k_eval_ws/ros_gnss_ws/install/rtcm_provider:/opt/ros/galactic /usr/bin/cmake --build /workspaces/zedf9k_eval_ws/ros_gnss_ws/src/rtcm_provider_ros/build/rtcm_msgs -- -j20 -l20
[19.239s] [35m[1mScanning dependencies of target rtcm_msgs__cpp[0m
[19.281s] [  3%] [34m[1mGenerating C code for ROS interfaces[0m
[19.377s] [  6%] [34m[1mGenerating C++ code for ROS interfaces[0m
[20.044s] [35m[1mScanning dependencies of target rtcm_msgs__rosidl_generator_c[0m
[20.162s] [  6%] Built target rtcm_msgs__cpp
[20.241s] [ 12%] [34m[1mGenerating C++ type support for eProsima Fast-RTPS[0m
[20.243s] [ 12%] [34m[1mGenerating C++ introspection for ROS interfaces[0m
[20.269s] [ 19%] [32mBuilding C object CMakeFiles/rtcm_msgs__rosidl_generator_c.dir/rosidl_generator_c/rtcm_msgs/msg/detail/rtcm__functions.c.o[0m
[20.272s] [ 19%] [34m[1mGenerating C++ type support dispatch for ROS interfaces[0m
[20.548s] [ 22%] [32m[1mLinking C shared library librtcm_msgs__rosidl_generator_c.so[0m
[20.780s] [ 22%] Built target rtcm_msgs__rosidl_generator_c
[20.873s] [ 29%] [34m[1mGenerating C introspection for ROS interfaces[0m
[20.876s] [ 29%] [34m[1mGenerating C type support dispatch for ROS interfaces[0m
[20.921s] [35m[1mScanning dependencies of target rtcm_msgs__rosidl_typesupport_cpp[0m
[21.017s] [35m[1mScanning dependencies of target rtcm_msgs__rosidl_typesupport_fastrtps_cpp[0m
[21.118s] [35m[1mScanning dependencies of target rtcm_msgs__rosidl_typesupport_introspection_cpp[0m
[21.247s] [ 32%] [32mBuilding CXX object CMakeFiles/rtcm_msgs__rosidl_typesupport_cpp.dir/rosidl_typesupport_cpp/rtcm_msgs/msg/rtcm__type_support.cpp.o[0m
[21.430s] [ 35%] [32mBuilding CXX object CMakeFiles/rtcm_msgs__rosidl_typesupport_introspection_cpp.dir/rosidl_typesupport_introspection_cpp/rtcm_msgs/msg/detail/rtcm__type_support.cpp.o[0m
[21.451s] [ 38%] [32mBuilding CXX object CMakeFiles/rtcm_msgs__rosidl_typesupport_fastrtps_cpp.dir/rosidl_typesupport_fastrtps_cpp/rtcm_msgs/msg/detail/dds_fastrtps/rtcm__type_support.cpp.o[0m
[21.756s] [35m[1mScanning dependencies of target rtcm_msgs__rosidl_typesupport_c[0m
[21.805s] [ 41%] [32m[1mLinking CXX shared library librtcm_msgs__rosidl_typesupport_cpp.so[0m
[21.842s] [35m[1mScanning dependencies of target rtcm_msgs__rosidl_typesupport_introspection_c[0m
[22.048s] [ 45%] [32m[1mLinking CXX shared library librtcm_msgs__rosidl_typesupport_introspection_cpp.so[0m
[22.083s] [ 48%] [32mBuilding CXX object CMakeFiles/rtcm_msgs__rosidl_typesupport_c.dir/rosidl_typesupport_c/rtcm_msgs/msg/rtcm__type_support.cpp.o[0m
[22.115s] [ 48%] Built target rtcm_msgs__rosidl_typesupport_cpp
[22.312s] [ 51%] [32mBuilding C object CMakeFiles/rtcm_msgs__rosidl_typesupport_introspection_c.dir/rosidl_typesupport_introspection_c/rtcm_msgs/msg/detail/rtcm__type_support.c.o[0m
[22.332s] [ 54%] [32m[1mLinking CXX shared library librtcm_msgs__rosidl_typesupport_c.so[0m
[22.373s] [ 54%] Built target rtcm_msgs__rosidl_typesupport_introspection_cpp
[22.418s] [ 58%] [32m[1mLinking CXX shared library librtcm_msgs__rosidl_typesupport_fastrtps_cpp.so[0m
[22.567s] [ 58%] Built target rtcm_msgs__rosidl_typesupport_c
[22.750s] [ 61%] [32m[1mLinking C shared library librtcm_msgs__rosidl_typesupport_introspection_c.so[0m
[22.789s] [ 61%] Built target rtcm_msgs__rosidl_typesupport_fastrtps_cpp
[22.906s] [ 64%] [34m[1mGenerating C type support for eProsima Fast-RTPS[0m
[22.953s] [ 64%] Built target rtcm_msgs__rosidl_typesupport_introspection_c
[23.825s] [35m[1mScanning dependencies of target rtcm_msgs__rosidl_typesupport_fastrtps_c[0m
[24.331s] [ 67%] [32mBuilding CXX object CMakeFiles/rtcm_msgs__rosidl_typesupport_fastrtps_c.dir/rosidl_typesupport_fastrtps_c/rtcm_msgs/msg/detail/rtcm__type_support_c.cpp.o[0m
[25.200s] [ 70%] [32m[1mLinking CXX shared library librtcm_msgs__rosidl_typesupport_fastrtps_c.so[0m
[25.636s] [ 70%] Built target rtcm_msgs__rosidl_typesupport_fastrtps_c
[25.788s] [35m[1mScanning dependencies of target rtcm_msgs[0m
[25.955s] [ 70%] Built target rtcm_msgs
[26.108s] [35m[1mScanning dependencies of target rtcm_msgs__py[0m
[26.289s] [ 74%] [34m[1mGenerating Python code for ROS interfaces[0m
[27.467s] [ 74%] Built target rtcm_msgs__py
[27.609s] [35m[1mScanning dependencies of target rtcm_msgs__python[0m
[28.076s] [ 77%] [32mBuilding C object CMakeFiles/rtcm_msgs__python.dir/rosidl_generator_py/rtcm_msgs/msg/_rtcm_s.c.o[0m
[28.624s] [ 80%] [32m[1mLinking C shared library rosidl_generator_py/rtcm_msgs/librtcm_msgs__python.so[0m
[29.013s] [ 80%] Built target rtcm_msgs__python
[29.094s] [35m[1mScanning dependencies of target rtcm_msgs__rosidl_typesupport_introspection_c__pyext[0m
[29.099s] [35m[1mScanning dependencies of target rtcm_msgs__rosidl_typesupport_fastrtps_c__pyext[0m
[29.150s] [35m[1mScanning dependencies of target rtcm_msgs__rosidl_typesupport_c__pyext[0m
[29.761s] [ 83%] [32mBuilding C object CMakeFiles/rtcm_msgs__rosidl_typesupport_introspection_c__pyext.dir/rosidl_generator_py/rtcm_msgs/_rtcm_msgs_s.ep.rosidl_typesupport_introspection_c.c.o[0m
[29.776s] [ 87%] [32mBuilding C object CMakeFiles/rtcm_msgs__rosidl_typesupport_c__pyext.dir/rosidl_generator_py/rtcm_msgs/_rtcm_msgs_s.ep.rosidl_typesupport_c.c.o[0m
[29.956s] [ 90%] [32mBuilding C object CMakeFiles/rtcm_msgs__rosidl_typesupport_fastrtps_c__pyext.dir/rosidl_generator_py/rtcm_msgs/_rtcm_msgs_s.ep.rosidl_typesupport_fastrtps_c.c.o[0m
[30.394s] [ 93%] [32m[1mLinking C shared library rosidl_generator_py/rtcm_msgs/rtcm_msgs_s__rosidl_typesupport_c.cpython-38-x86_64-linux-gnu.so[0m
[30.419s] [ 96%] [32m[1mLinking C shared library rosidl_generator_py/rtcm_msgs/rtcm_msgs_s__rosidl_typesupport_introspection_c.cpython-38-x86_64-linux-gnu.so[0m
[30.781s] [ 96%] Built target rtcm_msgs__rosidl_typesupport_c__pyext
[30.795s] [ 96%] Built target rtcm_msgs__rosidl_typesupport_introspection_c__pyext
[30.833s] [100%] [32m[1mLinking CXX shared library rosidl_generator_py/rtcm_msgs/rtcm_msgs_s__rosidl_typesupport_fastrtps_c.cpython-38-x86_64-linux-gnu.so[0m
[31.321s] [100%] Built target rtcm_msgs__rosidl_typesupport_fastrtps_c__pyext
[31.498s] Invoked command in '/workspaces/zedf9k_eval_ws/ros_gnss_ws/src/rtcm_provider_ros/build/rtcm_msgs' returned '0': CMAKE_PREFIX_PATH=${CMAKE_PREFIX_PATH}:/workspaces/zedf9k_eval_ws/ros_gnss_ws/install/ublox_gnss:/workspaces/zedf9k_eval_ws/ros_gnss_ws/install/rtcm_provider:/opt/ros/galactic /usr/bin/cmake --build /workspaces/zedf9k_eval_ws/ros_gnss_ws/src/rtcm_provider_ros/build/rtcm_msgs -- -j20 -l20
[33.128s] Invoking command in '/workspaces/zedf9k_eval_ws/ros_gnss_ws/src/rtcm_provider_ros/build/rtcm_msgs': CMAKE_PREFIX_PATH=${CMAKE_PREFIX_PATH}:/workspaces/zedf9k_eval_ws/ros_gnss_ws/install/ublox_gnss:/workspaces/zedf9k_eval_ws/ros_gnss_ws/install/rtcm_provider:/opt/ros/galactic /usr/bin/cmake --install /workspaces/zedf9k_eval_ws/ros_gnss_ws/src/rtcm_provider_ros/build/rtcm_msgs
[33.228s] -- Install configuration: ""
[33.251s] -- Installing: /workspaces/zedf9k_eval_ws/ros_gnss_ws/src/rtcm_provider_ros/install/rtcm_msgs/share/ament_index/resource_index/rosidl_interfaces/rtcm_msgs
[33.302s] -- Installing: /workspaces/zedf9k_eval_ws/ros_gnss_ws/src/rtcm_provider_ros/install/rtcm_msgs/include/rtcm_msgs
[33.314s] -- Installing: /workspaces/zedf9k_eval_ws/ros_gnss_ws/src/rtcm_provider_ros/install/rtcm_msgs/include/rtcm_msgs/msg
[33.333s] -- Installing: /workspaces/zedf9k_eval_ws/ros_gnss_ws/src/rtcm_provider_ros/install/rtcm_msgs/include/rtcm_msgs/msg/detail
[33.356s] -- Installing: /workspaces/zedf9k_eval_ws/ros_gnss_ws/src/rtcm_provider_ros/install/rtcm_msgs/include/rtcm_msgs/msg/detail/rtcm__functions.c
[33.412s] -- Installing: /workspaces/zedf9k_eval_ws/ros_gnss_ws/src/rtcm_provider_ros/install/rtcm_msgs/include/rtcm_msgs/msg/detail/rtcm__functions.h
[33.474s] -- Installing: /workspaces/zedf9k_eval_ws/ros_gnss_ws/src/rtcm_provider_ros/install/rtcm_msgs/include/rtcm_msgs/msg/detail/rtcm__struct.h
[33.535s] -- Installing: /workspaces/zedf9k_eval_ws/ros_gnss_ws/src/rtcm_provider_ros/install/rtcm_msgs/include/rtcm_msgs/msg/detail/rtcm__type_support.h
[33.590s] -- Installing: /workspaces/zedf9k_eval_ws/ros_gnss_ws/src/rtcm_provider_ros/install/rtcm_msgs/include/rtcm_msgs/msg/rosidl_generator_c__visibility_control.h
[33.666s] -- Installing: /workspaces/zedf9k_eval_ws/ros_gnss_ws/src/rtcm_provider_ros/install/rtcm_msgs/include/rtcm_msgs/msg/rtcm.h
[33.723s] -- Installing: /workspaces/zedf9k_eval_ws/ros_gnss_ws/src/rtcm_provider_ros/install/rtcm_msgs/share/rtcm_msgs/environment/library_path.sh
[33.766s] -- Installing: /workspaces/zedf9k_eval_ws/ros_gnss_ws/src/rtcm_provider_ros/install/rtcm_msgs/share/rtcm_msgs/environment/library_path.dsv
[33.861s] -- Installing: /workspaces/zedf9k_eval_ws/ros_gnss_ws/src/rtcm_provider_ros/install/rtcm_msgs/lib/librtcm_msgs__rosidl_generator_c.so
[33.915s] -- Set runtime path of "/workspaces/zedf9k_eval_ws/ros_gnss_ws/src/rtcm_provider_ros/install/rtcm_msgs/lib/librtcm_msgs__rosidl_generator_c.so" to ""
[33.923s] -- Up-to-date: /workspaces/zedf9k_eval_ws/ros_gnss_ws/src/rtcm_provider_ros/install/rtcm_msgs/include/rtcm_msgs
[33.936s] -- Up-to-date: /workspaces/zedf9k_eval_ws/ros_gnss_ws/src/rtcm_provider_ros/install/rtcm_msgs/include/rtcm_msgs/msg
[33.952s] -- Up-to-date: /workspaces/zedf9k_eval_ws/ros_gnss_ws/src/rtcm_provider_ros/install/rtcm_msgs/include/rtcm_msgs/msg/detail
[33.974s] -- Installing: /workspaces/zedf9k_eval_ws/ros_gnss_ws/src/rtcm_provider_ros/install/rtcm_msgs/include/rtcm_msgs/msg/detail/rtcm__rosidl_typesupport_fastrtps_c.h
[34.041s] -- Installing: /workspaces/zedf9k_eval_ws/ros_gnss_ws/src/rtcm_provider_ros/install/rtcm_msgs/include/rtcm_msgs/msg/rosidl_typesupport_fastrtps_c__visibility_control.h
[34.089s] -- Installing: /workspaces/zedf9k_eval_ws/ros_gnss_ws/src/rtcm_provider_ros/install/rtcm_msgs/lib/librtcm_msgs__rosidl_typesupport_fastrtps_c.so
[34.143s] -- Set runtime path of "/workspaces/zedf9k_eval_ws/ros_gnss_ws/src/rtcm_provider_ros/install/rtcm_msgs/lib/librtcm_msgs__rosidl_typesupport_fastrtps_c.so" to ""
[34.151s] -- Up-to-date: /workspaces/zedf9k_eval_ws/ros_gnss_ws/src/rtcm_provider_ros/install/rtcm_msgs/include/rtcm_msgs
[34.161s] -- Up-to-date: /workspaces/zedf9k_eval_ws/ros_gnss_ws/src/rtcm_provider_ros/install/rtcm_msgs/include/rtcm_msgs/msg
[34.175s] -- Up-to-date: /workspaces/zedf9k_eval_ws/ros_gnss_ws/src/rtcm_provider_ros/install/rtcm_msgs/include/rtcm_msgs/msg/detail
[34.190s] -- Installing: /workspaces/zedf9k_eval_ws/ros_gnss_ws/src/rtcm_provider_ros/install/rtcm_msgs/include/rtcm_msgs/msg/detail/dds_fastrtps
[34.220s] -- Installing: /workspaces/zedf9k_eval_ws/ros_gnss_ws/src/rtcm_provider_ros/install/rtcm_msgs/include/rtcm_msgs/msg/detail/rtcm__rosidl_typesupport_fastrtps_cpp.hpp
[34.274s] -- Installing: /workspaces/zedf9k_eval_ws/ros_gnss_ws/src/rtcm_provider_ros/install/rtcm_msgs/include/rtcm_msgs/msg/rosidl_typesupport_fastrtps_cpp__visibility_control.h
[34.313s] -- Installing: /workspaces/zedf9k_eval_ws/ros_gnss_ws/src/rtcm_provider_ros/install/rtcm_msgs/lib/librtcm_msgs__rosidl_typesupport_fastrtps_cpp.so
[34.375s] -- Set runtime path of "/workspaces/zedf9k_eval_ws/ros_gnss_ws/src/rtcm_provider_ros/install/rtcm_msgs/lib/librtcm_msgs__rosidl_typesupport_fastrtps_cpp.so" to ""
[34.382s] -- Up-to-date: /workspaces/zedf9k_eval_ws/ros_gnss_ws/src/rtcm_provider_ros/install/rtcm_msgs/include/rtcm_msgs
[34.402s] -- Up-to-date: /workspaces/zedf9k_eval_ws/ros_gnss_ws/src/rtcm_provider_ros/install/rtcm_msgs/include/rtcm_msgs/msg
[34.424s] -- Up-to-date: /workspaces/zedf9k_eval_ws/ros_gnss_ws/src/rtcm_provider_ros/install/rtcm_msgs/include/rtcm_msgs/msg/detail
[34.452s] -- Installing: /workspaces/zedf9k_eval_ws/ros_gnss_ws/src/rtcm_provider_ros/install/rtcm_msgs/include/rtcm_msgs/msg/detail/rtcm__rosidl_typesupport_introspection_c.h
[34.509s] -- Installing: /workspaces/zedf9k_eval_ws/ros_gnss_ws/src/rtcm_provider_ros/install/rtcm_msgs/include/rtcm_msgs/msg/detail/rtcm__type_support.c
[34.570s] -- Installing: /workspaces/zedf9k_eval_ws/ros_gnss_ws/src/rtcm_provider_ros/install/rtcm_msgs/include/rtcm_msgs/msg/rosidl_typesupport_introspection_c__visibility_control.h
[34.616s] -- Installing: /workspaces/zedf9k_eval_ws/ros_gnss_ws/src/rtcm_provider_ros/install/rtcm_msgs/lib/librtcm_msgs__rosidl_typesupport_introspection_c.so
[34.676s] -- Set runtime path of "/workspaces/zedf9k_eval_ws/ros_gnss_ws/src/rtcm_provider_ros/install/rtcm_msgs/lib/librtcm_msgs__rosidl_typesupport_introspection_c.so" to ""
[34.683s] -- Installing: /workspaces/zedf9k_eval_ws/ros_gnss_ws/src/rtcm_provider_ros/install/rtcm_msgs/lib/librtcm_msgs__rosidl_typesupport_c.so
[34.729s] -- Set runtime path of "/workspaces/zedf9k_eval_ws/ros_gnss_ws/src/rtcm_provider_ros/install/rtcm_msgs/lib/librtcm_msgs__rosidl_typesupport_c.so" to ""
[34.739s] -- Up-to-date: /workspaces/zedf9k_eval_ws/ros_gnss_ws/src/rtcm_provider_ros/install/rtcm_msgs/include/rtcm_msgs
[34.753s] -- Up-to-date: /workspaces/zedf9k_eval_ws/ros_gnss_ws/src/rtcm_provider_ros/install/rtcm_msgs/include/rtcm_msgs/msg
[34.769s] -- Up-to-date: /workspaces/zedf9k_eval_ws/ros_gnss_ws/src/rtcm_provider_ros/install/rtcm_msgs/include/rtcm_msgs/msg/detail
[34.792s] -- Installing: /workspaces/zedf9k_eval_ws/ros_gnss_ws/src/rtcm_provider_ros/install/rtcm_msgs/include/rtcm_msgs/msg/detail/rtcm__builder.hpp
[34.846s] -- Installing: /workspaces/zedf9k_eval_ws/ros_gnss_ws/src/rtcm_provider_ros/install/rtcm_msgs/include/rtcm_msgs/msg/detail/rtcm__struct.hpp
[34.895s] -- Installing: /workspaces/zedf9k_eval_ws/ros_gnss_ws/src/rtcm_provider_ros/install/rtcm_msgs/include/rtcm_msgs/msg/detail/rtcm__traits.hpp
[34.945s] -- Installing: /workspaces/zedf9k_eval_ws/ros_gnss_ws/src/rtcm_provider_ros/install/rtcm_msgs/include/rtcm_msgs/msg/rtcm.hpp
[34.988s] -- Up-to-date: /workspaces/zedf9k_eval_ws/ros_gnss_ws/src/rtcm_provider_ros/install/rtcm_msgs/include/rtcm_msgs
[35.001s] -- Up-to-date: /workspaces/zedf9k_eval_ws/ros_gnss_ws/src/rtcm_provider_ros/install/rtcm_msgs/include/rtcm_msgs/msg
[35.018s] -- Up-to-date: /workspaces/zedf9k_eval_ws/ros_gnss_ws/src/rtcm_provider_ros/install/rtcm_msgs/include/rtcm_msgs/msg/detail
[35.043s] -- Installing: /workspaces/zedf9k_eval_ws/ros_gnss_ws/src/rtcm_provider_ros/install/rtcm_msgs/include/rtcm_msgs/msg/detail/rtcm__rosidl_typesupport_introspection_cpp.hpp
[35.106s] -- Installing: /workspaces/zedf9k_eval_ws/ros_gnss_ws/src/rtcm_provider_ros/install/rtcm_msgs/include/rtcm_msgs/msg/detail/rtcm__type_support.cpp
[35.162s] -- Installing: /workspaces/zedf9k_eval_ws/ros_gnss_ws/src/rtcm_provider_ros/install/rtcm_msgs/lib/librtcm_msgs__rosidl_typesupport_introspection_cpp.so
[35.205s] -- Set runtime path of "/workspaces/zedf9k_eval_ws/ros_gnss_ws/src/rtcm_provider_ros/install/rtcm_msgs/lib/librtcm_msgs__rosidl_typesupport_introspection_cpp.so" to ""
[35.220s] -- Installing: /workspaces/zedf9k_eval_ws/ros_gnss_ws/src/rtcm_provider_ros/install/rtcm_msgs/lib/librtcm_msgs__rosidl_typesupport_cpp.so
[35.279s] -- Set runtime path of "/workspaces/zedf9k_eval_ws/ros_gnss_ws/src/rtcm_provider_ros/install/rtcm_msgs/lib/librtcm_msgs__rosidl_typesupport_cpp.so" to ""
[35.308s] -- Installing: /workspaces/zedf9k_eval_ws/ros_gnss_ws/src/rtcm_provider_ros/install/rtcm_msgs/share/rtcm_msgs/environment/pythonpath.sh
[35.359s] -- Installing: /workspaces/zedf9k_eval_ws/ros_gnss_ws/src/rtcm_provider_ros/install/rtcm_msgs/share/rtcm_msgs/environment/pythonpath.dsv
[35.426s] -- Installing: /workspaces/zedf9k_eval_ws/ros_gnss_ws/src/rtcm_provider_ros/install/rtcm_msgs/lib/python3.8/site-packages/rtcm_msgs/__init__.py
[35.880s] Compiling '/workspaces/zedf9k_eval_ws/ros_gnss_ws/src/rtcm_provider_ros/install/rtcm_msgs/lib/python3.8/site-packages/rtcm_msgs/__init__.py'...
[35.936s] -- Installing: /workspaces/zedf9k_eval_ws/ros_gnss_ws/src/rtcm_provider_ros/install/rtcm_msgs/lib/python3.8/site-packages/rtcm_msgs/msg
[35.968s] -- Installing: /workspaces/zedf9k_eval_ws/ros_gnss_ws/src/rtcm_provider_ros/install/rtcm_msgs/lib/python3.8/site-packages/rtcm_msgs/msg/_rtcm.py
[36.038s] -- Installing: /workspaces/zedf9k_eval_ws/ros_gnss_ws/src/rtcm_provider_ros/install/rtcm_msgs/lib/python3.8/site-packages/rtcm_msgs/msg/_rtcm_s.c
[36.102s] -- Installing: /workspaces/zedf9k_eval_ws/ros_gnss_ws/src/rtcm_provider_ros/install/rtcm_msgs/lib/python3.8/site-packages/rtcm_msgs/msg/__init__.py
[36.176s] -- Installing: /workspaces/zedf9k_eval_ws/ros_gnss_ws/src/rtcm_provider_ros/install/rtcm_msgs/lib/python3.8/site-packages/rtcm_msgs/rtcm_msgs_s__rosidl_typesupport_fastrtps_c.cpython-38-x86_64-linux-gnu.so
[36.268s] -- Set runtime path of "/workspaces/zedf9k_eval_ws/ros_gnss_ws/src/rtcm_provider_ros/install/rtcm_msgs/lib/python3.8/site-packages/rtcm_msgs/rtcm_msgs_s__rosidl_typesupport_fastrtps_c.cpython-38-x86_64-linux-gnu.so" to ""
[36.300s] -- Installing: /workspaces/zedf9k_eval_ws/ros_gnss_ws/src/rtcm_provider_ros/install/rtcm_msgs/lib/python3.8/site-packages/rtcm_msgs/rtcm_msgs_s__rosidl_typesupport_introspection_c.cpython-38-x86_64-linux-gnu.so
[36.393s] -- Set runtime path of "/workspaces/zedf9k_eval_ws/ros_gnss_ws/src/rtcm_provider_ros/install/rtcm_msgs/lib/python3.8/site-packages/rtcm_msgs/rtcm_msgs_s__rosidl_typesupport_introspection_c.cpython-38-x86_64-linux-gnu.so" to ""
[36.414s] -- Installing: /workspaces/zedf9k_eval_ws/ros_gnss_ws/src/rtcm_provider_ros/install/rtcm_msgs/lib/python3.8/site-packages/rtcm_msgs/rtcm_msgs_s__rosidl_typesupport_c.cpython-38-x86_64-linux-gnu.so
[36.515s] -- Set runtime path of "/workspaces/zedf9k_eval_ws/ros_gnss_ws/src/rtcm_provider_ros/install/rtcm_msgs/lib/python3.8/site-packages/rtcm_msgs/rtcm_msgs_s__rosidl_typesupport_c.cpython-38-x86_64-linux-gnu.so" to ""
[36.539s] -- Installing: /workspaces/zedf9k_eval_ws/ros_gnss_ws/src/rtcm_provider_ros/install/rtcm_msgs/lib/librtcm_msgs__python.so
[36.681s] -- Set runtime path of "/workspaces/zedf9k_eval_ws/ros_gnss_ws/src/rtcm_provider_ros/install/rtcm_msgs/lib/librtcm_msgs__python.so" to ""
[36.702s] -- Installing: /workspaces/zedf9k_eval_ws/ros_gnss_ws/src/rtcm_provider_ros/install/rtcm_msgs/share/rtcm_msgs/msg/Rtcm.idl
[36.771s] -- Installing: /workspaces/zedf9k_eval_ws/ros_gnss_ws/src/rtcm_provider_ros/install/rtcm_msgs/share/rtcm_msgs/msg/Rtcm.msg
[36.840s] -- Installing: /workspaces/zedf9k_eval_ws/ros_gnss_ws/src/rtcm_provider_ros/install/rtcm_msgs/share/ament_index/resource_index/package_run_dependencies/rtcm_msgs
[36.914s] -- Installing: /workspaces/zedf9k_eval_ws/ros_gnss_ws/src/rtcm_provider_ros/install/rtcm_msgs/share/ament_index/resource_index/parent_prefix_path/rtcm_msgs
[37.018s] -- Installing: /workspaces/zedf9k_eval_ws/ros_gnss_ws/src/rtcm_provider_ros/install/rtcm_msgs/share/rtcm_msgs/environment/ament_prefix_path.sh
[37.059s] -- Installing: /workspaces/zedf9k_eval_ws/ros_gnss_ws/src/rtcm_provider_ros/install/rtcm_msgs/share/rtcm_msgs/environment/ament_prefix_path.dsv
[37.094s] -- Installing: /workspaces/zedf9k_eval_ws/ros_gnss_ws/src/rtcm_provider_ros/install/rtcm_msgs/share/rtcm_msgs/environment/path.sh
[37.134s] -- Installing: /workspaces/zedf9k_eval_ws/ros_gnss_ws/src/rtcm_provider_ros/install/rtcm_msgs/share/rtcm_msgs/environment/path.dsv
[37.187s] -- Installing: /workspaces/zedf9k_eval_ws/ros_gnss_ws/src/rtcm_provider_ros/install/rtcm_msgs/share/rtcm_msgs/local_setup.bash
[37.230s] -- Installing: /workspaces/zedf9k_eval_ws/ros_gnss_ws/src/rtcm_provider_ros/install/rtcm_msgs/share/rtcm_msgs/local_setup.sh
[37.273s] -- Installing: /workspaces/zedf9k_eval_ws/ros_gnss_ws/src/rtcm_provider_ros/install/rtcm_msgs/share/rtcm_msgs/local_setup.zsh
[37.311s] -- Installing: /workspaces/zedf9k_eval_ws/ros_gnss_ws/src/rtcm_provider_ros/install/rtcm_msgs/share/rtcm_msgs/local_setup.dsv
[37.359s] -- Installing: /workspaces/zedf9k_eval_ws/ros_gnss_ws/src/rtcm_provider_ros/install/rtcm_msgs/share/rtcm_msgs/package.dsv
[37.420s] -- Installing: /workspaces/zedf9k_eval_ws/ros_gnss_ws/src/rtcm_provider_ros/install/rtcm_msgs/share/ament_index/resource_index/packages/rtcm_msgs
[37.521s] -- Installing: /workspaces/zedf9k_eval_ws/ros_gnss_ws/src/rtcm_provider_ros/install/rtcm_msgs/share/rtcm_msgs/cmake/rtcm_msgs__rosidl_generator_cExport.cmake
[37.585s] -- Installing: /workspaces/zedf9k_eval_ws/ros_gnss_ws/src/rtcm_provider_ros/install/rtcm_msgs/share/rtcm_msgs/cmake/rtcm_msgs__rosidl_generator_cExport-noconfig.cmake
[37.652s] -- Installing: /workspaces/zedf9k_eval_ws/ros_gnss_ws/src/rtcm_provider_ros/install/rtcm_msgs/share/rtcm_msgs/cmake/rtcm_msgs__rosidl_typesupport_introspection_cExport.cmake
[37.701s] -- Installing: /workspaces/zedf9k_eval_ws/ros_gnss_ws/src/rtcm_provider_ros/install/rtcm_msgs/share/rtcm_msgs/cmake/rtcm_msgs__rosidl_typesupport_introspection_cExport-noconfig.cmake
[37.780s] -- Installing: /workspaces/zedf9k_eval_ws/ros_gnss_ws/src/rtcm_provider_ros/install/rtcm_msgs/share/rtcm_msgs/cmake/rtcm_msgs__rosidl_typesupport_cExport.cmake
[37.854s] -- Installing: /workspaces/zedf9k_eval_ws/ros_gnss_ws/src/rtcm_provider_ros/install/rtcm_msgs/share/rtcm_msgs/cmake/rtcm_msgs__rosidl_typesupport_cExport-noconfig.cmake
[37.914s] -- Installing: /workspaces/zedf9k_eval_ws/ros_gnss_ws/src/rtcm_provider_ros/install/rtcm_msgs/share/rtcm_msgs/cmake/rtcm_msgs__rosidl_generator_cppExport.cmake
[37.979s] -- Installing: /workspaces/zedf9k_eval_ws/ros_gnss_ws/src/rtcm_provider_ros/install/rtcm_msgs/share/rtcm_msgs/cmake/rtcm_msgs__rosidl_typesupport_introspection_cppExport.cmake
[38.090s] -- Installing: /workspaces/zedf9k_eval_ws/ros_gnss_ws/src/rtcm_provider_ros/install/rtcm_msgs/share/rtcm_msgs/cmake/rtcm_msgs__rosidl_typesupport_introspection_cppExport-noconfig.cmake
[38.161s] -- Installing: /workspaces/zedf9k_eval_ws/ros_gnss_ws/src/rtcm_provider_ros/install/rtcm_msgs/share/rtcm_msgs/cmake/rtcm_msgs__rosidl_typesupport_cppExport.cmake
[38.213s] -- Installing: /workspaces/zedf9k_eval_ws/ros_gnss_ws/src/rtcm_provider_ros/install/rtcm_msgs/share/rtcm_msgs/cmake/rtcm_msgs__rosidl_typesupport_cppExport-noconfig.cmake
[38.261s] -- Installing: /workspaces/zedf9k_eval_ws/ros_gnss_ws/src/rtcm_provider_ros/install/rtcm_msgs/share/rtcm_msgs/cmake/rosidl_cmake-extras.cmake
[38.304s] -- Installing: /workspaces/zedf9k_eval_ws/ros_gnss_ws/src/rtcm_provider_ros/install/rtcm_msgs/share/rtcm_msgs/cmake/ament_cmake_export_dependencies-extras.cmake
[38.348s] -- Installing: /workspaces/zedf9k_eval_ws/ros_gnss_ws/src/rtcm_provider_ros/install/rtcm_msgs/share/rtcm_msgs/cmake/ament_cmake_export_libraries-extras.cmake
[38.387s] -- Installing: /workspaces/zedf9k_eval_ws/ros_gnss_ws/src/rtcm_provider_ros/install/rtcm_msgs/share/rtcm_msgs/cmake/ament_cmake_export_targets-extras.cmake
[38.426s] -- Installing: /workspaces/zedf9k_eval_ws/ros_gnss_ws/src/rtcm_provider_ros/install/rtcm_msgs/share/rtcm_msgs/cmake/ament_cmake_export_include_directories-extras.cmake
[38.472s] -- Installing: /workspaces/zedf9k_eval_ws/ros_gnss_ws/src/rtcm_provider_ros/install/rtcm_msgs/share/rtcm_msgs/cmake/rosidl_cmake_export_typesupport_libraries-extras.cmake
[38.522s] -- Installing: /workspaces/zedf9k_eval_ws/ros_gnss_ws/src/rtcm_provider_ros/install/rtcm_msgs/share/rtcm_msgs/cmake/rosidl_cmake_export_typesupport_targets-extras.cmake
[38.577s] -- Installing: /workspaces/zedf9k_eval_ws/ros_gnss_ws/src/rtcm_provider_ros/install/rtcm_msgs/share/rtcm_msgs/cmake/rtcm_msgsConfig.cmake
[38.619s] -- Installing: /workspaces/zedf9k_eval_ws/ros_gnss_ws/src/rtcm_provider_ros/install/rtcm_msgs/share/rtcm_msgs/cmake/rtcm_msgsConfig-version.cmake
[38.669s] -- Installing: /workspaces/zedf9k_eval_ws/ros_gnss_ws/src/rtcm_provider_ros/install/rtcm_msgs/share/rtcm_msgs/package.xml
[38.727s] Invoked command in '/workspaces/zedf9k_eval_ws/ros_gnss_ws/src/rtcm_provider_ros/build/rtcm_msgs' returned '0': CMAKE_PREFIX_PATH=${CMAKE_PREFIX_PATH}:/workspaces/zedf9k_eval_ws/ros_gnss_ws/install/ublox_gnss:/workspaces/zedf9k_eval_ws/ros_gnss_ws/install/rtcm_provider:/opt/ros/galactic /usr/bin/cmake --install /workspaces/zedf9k_eval_ws/ros_gnss_ws/src/rtcm_provider_ros/build/rtcm_msgs
