running egg_info
creating ../build/rtcm_provider/rtcm_provider.egg-info
writing ../build/rtcm_provider/rtcm_provider.egg-info/PKG-INFO
writing dependency_links to ../build/rtcm_provider/rtcm_provider.egg-info/dependency_links.txt
writing entry points to ../build/rtcm_provider/rtcm_provider.egg-info/entry_points.txt
writing requirements to ../build/rtcm_provider/rtcm_provider.egg-info/requires.txt
writing top-level names to ../build/rtcm_provider/rtcm_provider.egg-info/top_level.txt
writing manifest file '../build/rtcm_provider/rtcm_provider.egg-info/SOURCES.txt'
reading manifest file '../build/rtcm_provider/rtcm_provider.egg-info/SOURCES.txt'
writing manifest file '../build/rtcm_provider/rtcm_provider.egg-info/SOURCES.txt'
running build
running build_py
creating /workspaces/zedf9k_eval_ws/ros_gnss_ws/src/rtcm_provider_ros/build/rtcm_provider/build
creating /workspaces/zedf9k_eval_ws/ros_gnss_ws/src/rtcm_provider_ros/build/rtcm_provider/build/lib
creating /workspaces/zedf9k_eval_ws/ros_gnss_ws/src/rtcm_provider_ros/build/rtcm_provider/build/lib/rtcm_provider
copying rtcm_provider/rtcm_ntrip_pub.py -> /workspaces/zedf9k_eval_ws/ros_gnss_ws/src/rtcm_provider_ros/build/rtcm_provider/build/lib/rtcm_provider
copying rtcm_provider/__init__.py -> /workspaces/zedf9k_eval_ws/ros_gnss_ws/src/rtcm_provider_ros/build/rtcm_provider/build/lib/rtcm_provider
running install
running install_lib
creating /workspaces/zedf9k_eval_ws/ros_gnss_ws/src/rtcm_provider_ros/install/rtcm_provider/lib/python3.8/site-packages/rtcm_provider
copying /workspaces/zedf9k_eval_ws/ros_gnss_ws/src/rtcm_provider_ros/build/rtcm_provider/build/lib/rtcm_provider/rtcm_ntrip_pub.py -> /workspaces/zedf9k_eval_ws/ros_gnss_ws/src/rtcm_provider_ros/install/rtcm_provider/lib/python3.8/site-packages/rtcm_provider
copying /workspaces/zedf9k_eval_ws/ros_gnss_ws/src/rtcm_provider_ros/build/rtcm_provider/build/lib/rtcm_provider/__init__.py -> /workspaces/zedf9k_eval_ws/ros_gnss_ws/src/rtcm_provider_ros/install/rtcm_provider/lib/python3.8/site-packages/rtcm_provider
byte-compiling /workspaces/zedf9k_eval_ws/ros_gnss_ws/src/rtcm_provider_ros/install/rtcm_provider/lib/python3.8/site-packages/rtcm_provider/rtcm_ntrip_pub.py to rtcm_ntrip_pub.cpython-38.pyc
byte-compiling /workspaces/zedf9k_eval_ws/ros_gnss_ws/src/rtcm_provider_ros/install/rtcm_provider/lib/python3.8/site-packages/rtcm_provider/__init__.py to __init__.cpython-38.pyc
running install_data
creating /workspaces/zedf9k_eval_ws/ros_gnss_ws/src/rtcm_provider_ros/install/rtcm_provider/share/ament_index
creating /workspaces/zedf9k_eval_ws/ros_gnss_ws/src/rtcm_provider_ros/install/rtcm_provider/share/ament_index/resource_index
creating /workspaces/zedf9k_eval_ws/ros_gnss_ws/src/rtcm_provider_ros/install/rtcm_provider/share/ament_index/resource_index/packages
copying resource/rtcm_provider -> /workspaces/zedf9k_eval_ws/ros_gnss_ws/src/rtcm_provider_ros/install/rtcm_provider/share/ament_index/resource_index/packages
copying package.xml -> /workspaces/zedf9k_eval_ws/ros_gnss_ws/src/rtcm_provider_ros/install/rtcm_provider/share/rtcm_provider
copying config/korea_rtcm_base.yaml -> /workspaces/zedf9k_eval_ws/ros_gnss_ws/src/rtcm_provider_ros/install/rtcm_provider/share/rtcm_provider
running install_egg_info
Copying ../build/rtcm_provider/rtcm_provider.egg-info to /workspaces/zedf9k_eval_ws/ros_gnss_ws/src/rtcm_provider_ros/install/rtcm_provider/lib/python3.8/site-packages/rtcm_provider-0.0.0-py3.8.egg-info
running install_scripts
Installing rtcm_ntrip_pub script to /workspaces/zedf9k_eval_ws/ros_gnss_ws/src/rtcm_provider_ros/install/rtcm_provider/lib/rtcm_provider
writing list of installed files to '/workspaces/zedf9k_eval_ws/ros_gnss_ws/src/rtcm_provider_ros/build/rtcm_provider/install.log'
