[3.427s] Invoking command in '/workspaces/zedf9k_eval_ws/ros_gnss_ws/src/rtcm_provider_ros/rtcm_provider': PYTHONPATH=/workspaces/zedf9k_eval_ws/ros_gnss_ws/src/rtcm_provider_ros/build/rtcm_provider/prefix_override:/workspaces/zedf9k_eval_ws/ros_gnss_ws/src/rtcm_provider_ros/install/rtcm_provider/lib/python3.8/site-packages:${PYTHONPATH} /usr/bin/python3 setup.py egg_info --egg-base ../build/rtcm_provider build --build-base /workspaces/zedf9k_eval_ws/ros_gnss_ws/src/rtcm_provider_ros/build/rtcm_provider/build install --record /workspaces/zedf9k_eval_ws/ros_gnss_ws/src/rtcm_provider_ros/build/rtcm_provider/install.log --single-version-externally-managed
[4.722s] running egg_info
[4.725s] creating ../build/rtcm_provider/rtcm_provider.egg-info
[4.728s] writing ../build/rtcm_provider/rtcm_provider.egg-info/PKG-INFO
[4.737s] writing dependency_links to ../build/rtcm_provider/rtcm_provider.egg-info/dependency_links.txt
[4.744s] writing entry points to ../build/rtcm_provider/rtcm_provider.egg-info/entry_points.txt
[4.749s] writing requirements to ../build/rtcm_provider/rtcm_provider.egg-info/requires.txt
[4.753s] writing top-level names to ../build/rtcm_provider/rtcm_provider.egg-info/top_level.txt
[4.771s] writing manifest file '../build/rtcm_provider/rtcm_provider.egg-info/SOURCES.txt'
[4.873s] reading manifest file '../build/rtcm_provider/rtcm_provider.egg-info/SOURCES.txt'
[4.915s] writing manifest file '../build/rtcm_provider/rtcm_provider.egg-info/SOURCES.txt'
[4.922s] running build
[4.927s] running build_py
[4.936s] creating /workspaces/zedf9k_eval_ws/ros_gnss_ws/src/rtcm_provider_ros/build/rtcm_provider/build
[4.938s] creating /workspaces/zedf9k_eval_ws/ros_gnss_ws/src/rtcm_provider_ros/build/rtcm_provider/build/lib
[4.943s] creating /workspaces/zedf9k_eval_ws/ros_gnss_ws/src/rtcm_provider_ros/build/rtcm_provider/build/lib/rtcm_provider
[4.956s] copying rtcm_provider/rtcm_ntrip_pub.py -> /workspaces/zedf9k_eval_ws/ros_gnss_ws/src/rtcm_provider_ros/build/rtcm_provider/build/lib/rtcm_provider
[4.981s] copying rtcm_provider/__init__.py -> /workspaces/zedf9k_eval_ws/ros_gnss_ws/src/rtcm_provider_ros/build/rtcm_provider/build/lib/rtcm_provider
[4.999s] running install
[5.008s] running install_lib
[5.026s] creating /workspaces/zedf9k_eval_ws/ros_gnss_ws/src/rtcm_provider_ros/install/rtcm_provider/lib/python3.8/site-packages/rtcm_provider
[5.044s] copying /workspaces/zedf9k_eval_ws/ros_gnss_ws/src/rtcm_provider_ros/build/rtcm_provider/build/lib/rtcm_provider/rtcm_ntrip_pub.py -> /workspaces/zedf9k_eval_ws/ros_gnss_ws/src/rtcm_provider_ros/install/rtcm_provider/lib/python3.8/site-packages/rtcm_provider
[5.080s] copying /workspaces/zedf9k_eval_ws/ros_gnss_ws/src/rtcm_provider_ros/build/rtcm_provider/build/lib/rtcm_provider/__init__.py -> /workspaces/zedf9k_eval_ws/ros_gnss_ws/src/rtcm_provider_ros/install/rtcm_provider/lib/python3.8/site-packages/rtcm_provider
[5.115s] byte-compiling /workspaces/zedf9k_eval_ws/ros_gnss_ws/src/rtcm_provider_ros/install/rtcm_provider/lib/python3.8/site-packages/rtcm_provider/rtcm_ntrip_pub.py to rtcm_ntrip_pub.cpython-38.pyc
[5.155s] byte-compiling /workspaces/zedf9k_eval_ws/ros_gnss_ws/src/rtcm_provider_ros/install/rtcm_provider/lib/python3.8/site-packages/rtcm_provider/__init__.py to __init__.cpython-38.pyc
[5.189s] running install_data
[5.197s] creating /workspaces/zedf9k_eval_ws/ros_gnss_ws/src/rtcm_provider_ros/install/rtcm_provider/share/ament_index
[5.199s] creating /workspaces/zedf9k_eval_ws/ros_gnss_ws/src/rtcm_provider_ros/install/rtcm_provider/share/ament_index/resource_index
[5.201s] creating /workspaces/zedf9k_eval_ws/ros_gnss_ws/src/rtcm_provider_ros/install/rtcm_provider/share/ament_index/resource_index/packages
[5.212s] copying resource/rtcm_provider -> /workspaces/zedf9k_eval_ws/ros_gnss_ws/src/rtcm_provider_ros/install/rtcm_provider/share/ament_index/resource_index/packages
[5.232s] copying package.xml -> /workspaces/zedf9k_eval_ws/ros_gnss_ws/src/rtcm_provider_ros/install/rtcm_provider/share/rtcm_provider
[5.253s] copying config/korea_rtcm_base.yaml -> /workspaces/zedf9k_eval_ws/ros_gnss_ws/src/rtcm_provider_ros/install/rtcm_provider/share/rtcm_provider
[5.268s] running install_egg_info
[5.286s] Copying ../build/rtcm_provider/rtcm_provider.egg-info to /workspaces/zedf9k_eval_ws/ros_gnss_ws/src/rtcm_provider_ros/install/rtcm_provider/lib/python3.8/site-packages/rtcm_provider-0.0.0-py3.8.egg-info
[5.506s] running install_scripts
[5.588s] Installing rtcm_ntrip_pub script to /workspaces/zedf9k_eval_ws/ros_gnss_ws/src/rtcm_provider_ros/install/rtcm_provider/lib/rtcm_provider
[5.600s] writing list of installed files to '/workspaces/zedf9k_eval_ws/ros_gnss_ws/src/rtcm_provider_ros/build/rtcm_provider/install.log'
[5.619s] Invoked command in '/workspaces/zedf9k_eval_ws/ros_gnss_ws/src/rtcm_provider_ros/rtcm_provider' returned '0': PYTHONPATH=/workspaces/zedf9k_eval_ws/ros_gnss_ws/src/rtcm_provider_ros/build/rtcm_provider/prefix_override:/workspaces/zedf9k_eval_ws/ros_gnss_ws/src/rtcm_provider_ros/install/rtcm_provider/lib/python3.8/site-packages:${PYTHONPATH} /usr/bin/python3 setup.py egg_info --egg-base ../build/rtcm_provider build --build-base /workspaces/zedf9k_eval_ws/ros_gnss_ws/src/rtcm_provider_ros/build/rtcm_provider/build install --record /workspaces/zedf9k_eval_ws/ros_gnss_ws/src/rtcm_provider_ros/build/rtcm_provider/install.log --single-version-externally-managed
