[0.838s] DEBUG:colcon:Command line arguments: ['/usr/bin/colcon', 'build']
[0.839s] DEBUG:colcon:Parsed command line arguments: Namespace(allow_overriding=[], ament_cmake_args=None, base_paths=['.'], build_base='build', catkin_cmake_args=None, catkin_skip_building_tests=False, cmake_args=None, cmake_clean_cache=False, cmake_clean_first=False, cmake_force_configure=False, cmake_target=None, cmake_target_skip_unavailable=False, continue_on_error=False, event_handlers=None, executor='parallel', ignore_user_meta=False, install_base='install', log_base=None, log_level=None, main=<bound method BuildVerb.main of <colcon_core.verb.build.BuildVerb object at 0x7f718cc48730>>, merge_install=False, metas=['./colcon.meta'], packages_above=None, packages_above_and_dependencies=None, packages_above_depth=None, packages_end=None, packages_ignore=None, packages_ignore_regex=None, packages_select=None, packages_select_build_failed=False, packages_select_by_dep=None, packages_select_regex=None, packages_select_test_failures=False, packages_skip=None, packages_skip_build_finished=False, packages_skip_by_dep=None, packages_skip_regex=None, packages_skip_test_passed=False, packages_skip_up_to=None, packages_start=None, packages_up_to=None, packages_up_to_regex=None, parallel_workers=20, paths=None, symlink_install=False, test_result_base=None, verb_extension=<colcon_core.verb.build.BuildVerb object at 0x7f718cc48730>, verb_name='build', verb_parser=<colcon_defaults.argument_parser.defaults.DefaultArgumentsDecorator object at 0x7f718cc48ca0>)
[1.073s] Level 1:colcon.colcon_core.package_discovery:discover_packages(colcon_meta) check parameters
[1.078s] Level 1:colcon.colcon_core.package_discovery:discover_packages(recursive) check parameters
[1.078s] Level 1:colcon.colcon_core.package_discovery:discover_packages(ignore) check parameters
[1.078s] Level 1:colcon.colcon_core.package_discovery:discover_packages(path) check parameters
[1.078s] Level 1:colcon.colcon_core.package_discovery:discover_packages(colcon_meta) discover
[1.079s] Level 1:colcon.colcon_core.package_discovery:discover_packages(recursive) discover
[1.079s] INFO:colcon.colcon_core.package_discovery:Crawling recursively for packages in '/workspaces/zedf9k_eval_ws/ros_gnss_ws/src/rtcm_provider_ros'
[1.080s] Level 1:colcon.colcon_core.package_identification:_identify(.) by extensions ['ignore', 'ignore_ament_install']
[1.081s] Level 1:colcon.colcon_core.package_identification:_identify(.) by extension 'ignore'
[1.081s] Level 1:colcon.colcon_core.package_identification:_identify(.) by extension 'ignore_ament_install'
[1.082s] Level 1:colcon.colcon_core.package_identification:_identify(.) by extensions ['colcon_pkg']
[1.082s] Level 1:colcon.colcon_core.package_identification:_identify(.) by extension 'colcon_pkg'
[1.082s] Level 1:colcon.colcon_core.package_identification:_identify(.) by extensions ['colcon_meta']
[1.083s] Level 1:colcon.colcon_core.package_identification:_identify(.) by extension 'colcon_meta'
[1.083s] Level 1:colcon.colcon_core.package_identification:_identify(.) by extensions ['ros']
[1.083s] Level 1:colcon.colcon_core.package_identification:_identify(.) by extension 'ros'
[1.106s] Level 1:colcon.colcon_core.package_identification:_identify(.) by extensions ['cmake', 'python']
[1.106s] Level 1:colcon.colcon_core.package_identification:_identify(.) by extension 'cmake'
[1.106s] Level 1:colcon.colcon_core.package_identification:_identify(.) by extension 'python'
[1.107s] Level 1:colcon.colcon_core.package_identification:_identify(.) by extensions ['python_setup_py']
[1.107s] Level 1:colcon.colcon_core.package_identification:_identify(.) by extension 'python_setup_py'
[1.109s] Level 1:colcon.colcon_core.package_identification:_identify(build) by extensions ['ignore', 'ignore_ament_install']
[1.109s] Level 1:colcon.colcon_core.package_identification:_identify(build) by extension 'ignore'
[1.110s] Level 1:colcon.colcon_core.package_identification:_identify(build) ignored
[1.116s] Level 1:colcon.colcon_core.package_identification:_identify(install) by extensions ['ignore', 'ignore_ament_install']
[1.116s] Level 1:colcon.colcon_core.package_identification:_identify(install) by extension 'ignore'
[1.118s] Level 1:colcon.colcon_core.package_identification:_identify(install) ignored
[1.123s] Level 1:colcon.colcon_core.package_identification:_identify(log) by extensions ['ignore', 'ignore_ament_install']
[1.123s] Level 1:colcon.colcon_core.package_identification:_identify(log) by extension 'ignore'
[1.124s] Level 1:colcon.colcon_core.package_identification:_identify(log) ignored
[1.127s] Level 1:colcon.colcon_core.package_identification:_identify(rtcm_msgs) by extensions ['ignore', 'ignore_ament_install']
[1.127s] Level 1:colcon.colcon_core.package_identification:_identify(rtcm_msgs) by extension 'ignore'
[1.128s] Level 1:colcon.colcon_core.package_identification:_identify(rtcm_msgs) by extension 'ignore_ament_install'
[1.130s] Level 1:colcon.colcon_core.package_identification:_identify(rtcm_msgs) by extensions ['colcon_pkg']
[1.130s] Level 1:colcon.colcon_core.package_identification:_identify(rtcm_msgs) by extension 'colcon_pkg'
[1.131s] Level 1:colcon.colcon_core.package_identification:_identify(rtcm_msgs) by extensions ['colcon_meta']
[1.131s] Level 1:colcon.colcon_core.package_identification:_identify(rtcm_msgs) by extension 'colcon_meta'
[1.132s] Level 1:colcon.colcon_core.package_identification:_identify(rtcm_msgs) by extensions ['ros']
[1.132s] Level 1:colcon.colcon_core.package_identification:_identify(rtcm_msgs) by extension 'ros'
[1.146s] DEBUG:colcon.colcon_core.package_identification:Package 'rtcm_msgs' with type 'ros.ament_cmake' and name 'rtcm_msgs'
[1.149s] Level 1:colcon.colcon_core.package_identification:_identify(rtcm_provider) by extensions ['ignore', 'ignore_ament_install']
[1.149s] Level 1:colcon.colcon_core.package_identification:_identify(rtcm_provider) by extension 'ignore'
[1.150s] Level 1:colcon.colcon_core.package_identification:_identify(rtcm_provider) by extension 'ignore_ament_install'
[1.151s] Level 1:colcon.colcon_core.package_identification:_identify(rtcm_provider) by extensions ['colcon_pkg']
[1.151s] Level 1:colcon.colcon_core.package_identification:_identify(rtcm_provider) by extension 'colcon_pkg'
[1.152s] Level 1:colcon.colcon_core.package_identification:_identify(rtcm_provider) by extensions ['colcon_meta']
[1.152s] Level 1:colcon.colcon_core.package_identification:_identify(rtcm_provider) by extension 'colcon_meta'
[1.153s] Level 1:colcon.colcon_core.package_identification:_identify(rtcm_provider) by extensions ['ros']
[1.153s] Level 1:colcon.colcon_core.package_identification:_identify(rtcm_provider) by extension 'ros'
[1.162s] DEBUG:colcon.colcon_core.package_identification:Package 'rtcm_provider' with type 'ros.ament_python' and name 'rtcm_provider'
[1.163s] Level 1:colcon.colcon_core.package_discovery:discover_packages(recursive) using defaults
[1.163s] Level 1:colcon.colcon_core.package_discovery:discover_packages(ignore) discover
[1.163s] Level 1:colcon.colcon_core.package_discovery:discover_packages(ignore) using defaults
[1.163s] Level 1:colcon.colcon_core.package_discovery:discover_packages(path) discover
[1.164s] Level 1:colcon.colcon_core.package_discovery:discover_packages(path) using defaults
[1.261s] Level 1:colcon.colcon_core.package_discovery:discover_packages(prefix_path) check parameters
[1.262s] Level 1:colcon.colcon_core.package_discovery:discover_packages(prefix_path) discover
[1.321s] DEBUG:colcon.colcon_installed_package_information.package_discovery:Found 3 installed packages in /workspaces/zedf9k_eval_ws/ros_gnss_ws/install
[1.323s] DEBUG:colcon.colcon_installed_package_information.package_discovery:Found 288 installed packages in /opt/ros/galactic
[1.324s] Level 1:colcon.colcon_core.package_discovery:discover_packages(prefix_path) using defaults
[1.423s] Level 5:colcon.colcon_core.verb:set package 'rtcm_msgs' build argument 'cmake_args' from command line to 'None'
[1.424s] Level 5:colcon.colcon_core.verb:set package 'rtcm_msgs' build argument 'cmake_target' from command line to 'None'
[1.424s] Level 5:colcon.colcon_core.verb:set package 'rtcm_msgs' build argument 'cmake_target_skip_unavailable' from command line to 'False'
[1.424s] Level 5:colcon.colcon_core.verb:set package 'rtcm_msgs' build argument 'cmake_clean_cache' from command line to 'False'
[1.425s] Level 5:colcon.colcon_core.verb:set package 'rtcm_msgs' build argument 'cmake_clean_first' from command line to 'False'
[1.425s] Level 5:colcon.colcon_core.verb:set package 'rtcm_msgs' build argument 'cmake_force_configure' from command line to 'False'
[1.425s] Level 5:colcon.colcon_core.verb:set package 'rtcm_msgs' build argument 'ament_cmake_args' from command line to 'None'
[1.425s] Level 5:colcon.colcon_core.verb:set package 'rtcm_msgs' build argument 'catkin_cmake_args' from command line to 'None'
[1.426s] Level 5:colcon.colcon_core.verb:set package 'rtcm_msgs' build argument 'catkin_skip_building_tests' from command line to 'False'
[1.426s] DEBUG:colcon.colcon_core.verb:Building package 'rtcm_msgs' with the following arguments: {'ament_cmake_args': None, 'build_base': '/workspaces/zedf9k_eval_ws/ros_gnss_ws/src/rtcm_provider_ros/build/rtcm_msgs', 'catkin_cmake_args': None, 'catkin_skip_building_tests': False, 'cmake_args': None, 'cmake_clean_cache': False, 'cmake_clean_first': False, 'cmake_force_configure': False, 'cmake_target': None, 'cmake_target_skip_unavailable': False, 'install_base': '/workspaces/zedf9k_eval_ws/ros_gnss_ws/src/rtcm_provider_ros/install/rtcm_msgs', 'merge_install': False, 'path': '/workspaces/zedf9k_eval_ws/ros_gnss_ws/src/rtcm_provider_ros/rtcm_msgs', 'symlink_install': False, 'test_result_base': None}
[1.427s] Level 5:colcon.colcon_core.verb:set package 'rtcm_provider' build argument 'cmake_args' from command line to 'None'
[1.428s] Level 5:colcon.colcon_core.verb:set package 'rtcm_provider' build argument 'cmake_target' from command line to 'None'
[1.428s] Level 5:colcon.colcon_core.verb:set package 'rtcm_provider' build argument 'cmake_target_skip_unavailable' from command line to 'False'
[1.428s] Level 5:colcon.colcon_core.verb:set package 'rtcm_provider' build argument 'cmake_clean_cache' from command line to 'False'
[1.428s] Level 5:colcon.colcon_core.verb:set package 'rtcm_provider' build argument 'cmake_clean_first' from command line to 'False'
[1.429s] Level 5:colcon.colcon_core.verb:set package 'rtcm_provider' build argument 'cmake_force_configure' from command line to 'False'
[1.429s] Level 5:colcon.colcon_core.verb:set package 'rtcm_provider' build argument 'ament_cmake_args' from command line to 'None'
[1.429s] Level 5:colcon.colcon_core.verb:set package 'rtcm_provider' build argument 'catkin_cmake_args' from command line to 'None'
[1.429s] Level 5:colcon.colcon_core.verb:set package 'rtcm_provider' build argument 'catkin_skip_building_tests' from command line to 'False'
[1.430s] DEBUG:colcon.colcon_core.verb:Building package 'rtcm_provider' with the following arguments: {'ament_cmake_args': None, 'build_base': '/workspaces/zedf9k_eval_ws/ros_gnss_ws/src/rtcm_provider_ros/build/rtcm_provider', 'catkin_cmake_args': None, 'catkin_skip_building_tests': False, 'cmake_args': None, 'cmake_clean_cache': False, 'cmake_clean_first': False, 'cmake_force_configure': False, 'cmake_target': None, 'cmake_target_skip_unavailable': False, 'install_base': '/workspaces/zedf9k_eval_ws/ros_gnss_ws/src/rtcm_provider_ros/install/rtcm_provider', 'merge_install': False, 'path': '/workspaces/zedf9k_eval_ws/ros_gnss_ws/src/rtcm_provider_ros/rtcm_provider', 'symlink_install': False, 'test_result_base': None}
[1.430s] INFO:colcon.colcon_core.executor:Executing jobs using 'parallel' executor
[1.433s] DEBUG:colcon.colcon_parallel_executor.executor.parallel:run_until_complete
[1.434s] INFO:colcon.colcon_ros.task.ament_cmake.build:Building ROS package in '/workspaces/zedf9k_eval_ws/ros_gnss_ws/src/rtcm_provider_ros/rtcm_msgs' with build type 'ament_cmake'
[1.434s] INFO:colcon.colcon_cmake.task.cmake.build:Building CMake package in '/workspaces/zedf9k_eval_ws/ros_gnss_ws/src/rtcm_provider_ros/rtcm_msgs'
[1.452s] INFO:colcon.colcon_core.plugin_system:Skipping extension 'colcon_core.shell.bat': Not used on non-Windows systems
[1.453s] INFO:colcon.colcon_core.shell:Skip shell extension 'powershell' for command environment: Not usable outside of PowerShell
[1.453s] DEBUG:colcon.colcon_core.shell:Skip shell extension 'dsv' for command environment
[1.525s] INFO:colcon.colcon_ros.task.ament_python.build:Building ROS package in '/workspaces/zedf9k_eval_ws/ros_gnss_ws/src/rtcm_provider_ros/rtcm_provider' with build type 'ament_python'
[1.526s] Level 1:colcon.colcon_core.shell:create_environment_hook('rtcm_provider', 'ament_prefix_path')
[1.527s] INFO:colcon.colcon_core.shell:Creating environment hook '/workspaces/zedf9k_eval_ws/ros_gnss_ws/src/rtcm_provider_ros/install/rtcm_provider/share/rtcm_provider/hook/ament_prefix_path.ps1'
[1.549s] INFO:colcon.colcon_core.shell:Creating environment descriptor '/workspaces/zedf9k_eval_ws/ros_gnss_ws/src/rtcm_provider_ros/install/rtcm_provider/share/rtcm_provider/hook/ament_prefix_path.dsv'
[1.563s] INFO:colcon.colcon_core.shell:Creating environment hook '/workspaces/zedf9k_eval_ws/ros_gnss_ws/src/rtcm_provider_ros/install/rtcm_provider/share/rtcm_provider/hook/ament_prefix_path.sh'
[1.581s] INFO:colcon.colcon_core.shell:Skip shell extension 'powershell' for command environment: Not usable outside of PowerShell
[1.581s] DEBUG:colcon.colcon_core.shell:Skip shell extension 'dsv' for command environment
[1.673s] DEBUG:colcon.colcon_core.event_handler.log_command:Invoking command in '/workspaces/zedf9k_eval_ws/ros_gnss_ws/src/rtcm_provider_ros/build/rtcm_msgs': CMAKE_PREFIX_PATH=${CMAKE_PREFIX_PATH}:/workspaces/zedf9k_eval_ws/ros_gnss_ws/install/ublox_gnss:/workspaces/zedf9k_eval_ws/ros_gnss_ws/install/rtcm_provider:/opt/ros/galactic /usr/bin/cmake /workspaces/zedf9k_eval_ws/ros_gnss_ws/src/rtcm_provider_ros/rtcm_msgs -DCMAKE_INSTALL_PREFIX=/workspaces/zedf9k_eval_ws/ros_gnss_ws/src/rtcm_provider_ros/install/rtcm_msgs
[2.741s] INFO:colcon.colcon_core.task.python.build:Building Python package in '/workspaces/zedf9k_eval_ws/ros_gnss_ws/src/rtcm_provider_ros/rtcm_provider'
[2.743s] INFO:colcon.colcon_core.shell:Skip shell extension 'powershell' for command environment: Not usable outside of PowerShell
[2.743s] DEBUG:colcon.colcon_core.shell:Skip shell extension 'dsv' for command environment
[4.953s] DEBUG:colcon.colcon_core.event_handler.log_command:Invoking command in '/workspaces/zedf9k_eval_ws/ros_gnss_ws/src/rtcm_provider_ros/rtcm_provider': PYTHONPATH=/workspaces/zedf9k_eval_ws/ros_gnss_ws/src/rtcm_provider_ros/build/rtcm_provider/prefix_override:/workspaces/zedf9k_eval_ws/ros_gnss_ws/src/rtcm_provider_ros/install/rtcm_provider/lib/python3.8/site-packages:${PYTHONPATH} /usr/bin/python3 setup.py egg_info --egg-base ../build/rtcm_provider build --build-base /workspaces/zedf9k_eval_ws/ros_gnss_ws/src/rtcm_provider_ros/build/rtcm_provider/build install --record /workspaces/zedf9k_eval_ws/ros_gnss_ws/src/rtcm_provider_ros/build/rtcm_provider/install.log --single-version-externally-managed
[7.146s] DEBUG:colcon.colcon_core.event_handler.log_command:Invoked command in '/workspaces/zedf9k_eval_ws/ros_gnss_ws/src/rtcm_provider_ros/rtcm_provider' returned '0': PYTHONPATH=/workspaces/zedf9k_eval_ws/ros_gnss_ws/src/rtcm_provider_ros/build/rtcm_provider/prefix_override:/workspaces/zedf9k_eval_ws/ros_gnss_ws/src/rtcm_provider_ros/install/rtcm_provider/lib/python3.8/site-packages:${PYTHONPATH} /usr/bin/python3 setup.py egg_info --egg-base ../build/rtcm_provider build --build-base /workspaces/zedf9k_eval_ws/ros_gnss_ws/src/rtcm_provider_ros/build/rtcm_provider/build install --record /workspaces/zedf9k_eval_ws/ros_gnss_ws/src/rtcm_provider_ros/build/rtcm_provider/install.log --single-version-externally-managed
[7.161s] Level 1:colcon.colcon_core.environment:checking '/workspaces/zedf9k_eval_ws/ros_gnss_ws/src/rtcm_provider_ros/install/rtcm_provider' for CMake module files
[7.202s] Level 1:colcon.colcon_core.environment:checking '/workspaces/zedf9k_eval_ws/ros_gnss_ws/src/rtcm_provider_ros/install/rtcm_provider' for CMake config files
[7.287s] Level 1:colcon.colcon_core.environment:checking '/workspaces/zedf9k_eval_ws/ros_gnss_ws/src/rtcm_provider_ros/install/rtcm_provider/lib'
[7.294s] Level 1:colcon.colcon_core.environment:checking '/workspaces/zedf9k_eval_ws/ros_gnss_ws/src/rtcm_provider_ros/install/rtcm_provider/bin'
[7.295s] Level 1:colcon.colcon_core.environment:checking '/workspaces/zedf9k_eval_ws/ros_gnss_ws/src/rtcm_provider_ros/install/rtcm_provider/lib/pkgconfig/rtcm_provider.pc'
[7.297s] Level 1:colcon.colcon_core.environment:checking '/workspaces/zedf9k_eval_ws/ros_gnss_ws/src/rtcm_provider_ros/install/rtcm_provider/lib/python3.8/site-packages'
[7.299s] Level 1:colcon.colcon_core.shell:create_environment_hook('rtcm_provider', 'pythonpath')
[7.300s] INFO:colcon.colcon_core.shell:Creating environment hook '/workspaces/zedf9k_eval_ws/ros_gnss_ws/src/rtcm_provider_ros/install/rtcm_provider/share/rtcm_provider/hook/pythonpath.ps1'
[7.313s] INFO:colcon.colcon_core.shell:Creating environment descriptor '/workspaces/zedf9k_eval_ws/ros_gnss_ws/src/rtcm_provider_ros/install/rtcm_provider/share/rtcm_provider/hook/pythonpath.dsv'
[7.325s] INFO:colcon.colcon_core.shell:Creating environment hook '/workspaces/zedf9k_eval_ws/ros_gnss_ws/src/rtcm_provider_ros/install/rtcm_provider/share/rtcm_provider/hook/pythonpath.sh'
[7.336s] Level 1:colcon.colcon_core.environment:checking '/workspaces/zedf9k_eval_ws/ros_gnss_ws/src/rtcm_provider_ros/install/rtcm_provider/bin'
[7.337s] Level 1:colcon.colcon_core.environment:create_environment_scripts_only(rtcm_provider)
[7.339s] INFO:colcon.colcon_core.shell:Creating package script '/workspaces/zedf9k_eval_ws/ros_gnss_ws/src/rtcm_provider_ros/install/rtcm_provider/share/rtcm_provider/package.ps1'
[7.349s] INFO:colcon.colcon_core.shell:Creating package descriptor '/workspaces/zedf9k_eval_ws/ros_gnss_ws/src/rtcm_provider_ros/install/rtcm_provider/share/rtcm_provider/package.dsv'
[7.359s] INFO:colcon.colcon_core.shell:Creating package script '/workspaces/zedf9k_eval_ws/ros_gnss_ws/src/rtcm_provider_ros/install/rtcm_provider/share/rtcm_provider/package.sh'
[7.368s] INFO:colcon.colcon_core.shell:Creating package script '/workspaces/zedf9k_eval_ws/ros_gnss_ws/src/rtcm_provider_ros/install/rtcm_provider/share/rtcm_provider/package.bash'
[7.386s] INFO:colcon.colcon_core.shell:Creating package script '/workspaces/zedf9k_eval_ws/ros_gnss_ws/src/rtcm_provider_ros/install/rtcm_provider/share/rtcm_provider/package.zsh'
[7.400s] Level 1:colcon.colcon_core.environment:create_file_with_runtime_dependencies(/workspaces/zedf9k_eval_ws/ros_gnss_ws/src/rtcm_provider_ros/install/rtcm_provider/share/colcon-core/packages/rtcm_provider)
[20.149s] DEBUG:colcon.colcon_core.event_handler.log_command:Invoked command in '/workspaces/zedf9k_eval_ws/ros_gnss_ws/src/rtcm_provider_ros/build/rtcm_msgs' returned '0': CMAKE_PREFIX_PATH=${CMAKE_PREFIX_PATH}:/workspaces/zedf9k_eval_ws/ros_gnss_ws/install/ublox_gnss:/workspaces/zedf9k_eval_ws/ros_gnss_ws/install/rtcm_provider:/opt/ros/galactic /usr/bin/cmake /workspaces/zedf9k_eval_ws/ros_gnss_ws/src/rtcm_provider_ros/rtcm_msgs -DCMAKE_INSTALL_PREFIX=/workspaces/zedf9k_eval_ws/ros_gnss_ws/src/rtcm_provider_ros/install/rtcm_msgs
[20.158s] DEBUG:colcon.colcon_core.event_handler.log_command:Invoking command in '/workspaces/zedf9k_eval_ws/ros_gnss_ws/src/rtcm_provider_ros/build/rtcm_msgs': CMAKE_PREFIX_PATH=${CMAKE_PREFIX_PATH}:/workspaces/zedf9k_eval_ws/ros_gnss_ws/install/ublox_gnss:/workspaces/zedf9k_eval_ws/ros_gnss_ws/install/rtcm_provider:/opt/ros/galactic /usr/bin/cmake --build /workspaces/zedf9k_eval_ws/ros_gnss_ws/src/rtcm_provider_ros/build/rtcm_msgs -- -j20 -l20
[32.935s] DEBUG:colcon.colcon_core.event_handler.log_command:Invoked command in '/workspaces/zedf9k_eval_ws/ros_gnss_ws/src/rtcm_provider_ros/build/rtcm_msgs' returned '0': CMAKE_PREFIX_PATH=${CMAKE_PREFIX_PATH}:/workspaces/zedf9k_eval_ws/ros_gnss_ws/install/ublox_gnss:/workspaces/zedf9k_eval_ws/ros_gnss_ws/install/rtcm_provider:/opt/ros/galactic /usr/bin/cmake --build /workspaces/zedf9k_eval_ws/ros_gnss_ws/src/rtcm_provider_ros/build/rtcm_msgs -- -j20 -l20
[34.565s] DEBUG:colcon.colcon_core.event_handler.log_command:Invoking command in '/workspaces/zedf9k_eval_ws/ros_gnss_ws/src/rtcm_provider_ros/build/rtcm_msgs': CMAKE_PREFIX_PATH=${CMAKE_PREFIX_PATH}:/workspaces/zedf9k_eval_ws/ros_gnss_ws/install/ublox_gnss:/workspaces/zedf9k_eval_ws/ros_gnss_ws/install/rtcm_provider:/opt/ros/galactic /usr/bin/cmake --install /workspaces/zedf9k_eval_ws/ros_gnss_ws/src/rtcm_provider_ros/build/rtcm_msgs
[40.161s] Level 1:colcon.colcon_core.environment:create_environment_scripts_only(rtcm_msgs)
[40.163s] Level 1:colcon.colcon_core.environment:checking '/workspaces/zedf9k_eval_ws/ros_gnss_ws/src/rtcm_provider_ros/install/rtcm_msgs' for CMake module files
[40.163s] DEBUG:colcon.colcon_core.event_handler.log_command:Invoked command in '/workspaces/zedf9k_eval_ws/ros_gnss_ws/src/rtcm_provider_ros/build/rtcm_msgs' returned '0': CMAKE_PREFIX_PATH=${CMAKE_PREFIX_PATH}:/workspaces/zedf9k_eval_ws/ros_gnss_ws/install/ublox_gnss:/workspaces/zedf9k_eval_ws/ros_gnss_ws/install/rtcm_provider:/opt/ros/galactic /usr/bin/cmake --install /workspaces/zedf9k_eval_ws/ros_gnss_ws/src/rtcm_provider_ros/build/rtcm_msgs
[40.310s] Level 1:colcon.colcon_core.environment:checking '/workspaces/zedf9k_eval_ws/ros_gnss_ws/src/rtcm_provider_ros/install/rtcm_msgs' for CMake config files
[40.394s] Level 1:colcon.colcon_core.shell:create_environment_hook('rtcm_msgs', 'cmake_prefix_path')
[40.396s] INFO:colcon.colcon_core.shell:Creating environment hook '/workspaces/zedf9k_eval_ws/ros_gnss_ws/src/rtcm_provider_ros/install/rtcm_msgs/share/rtcm_msgs/hook/cmake_prefix_path.ps1'
[40.404s] INFO:colcon.colcon_core.shell:Creating environment descriptor '/workspaces/zedf9k_eval_ws/ros_gnss_ws/src/rtcm_provider_ros/install/rtcm_msgs/share/rtcm_msgs/hook/cmake_prefix_path.dsv'
[40.414s] INFO:colcon.colcon_core.shell:Creating environment hook '/workspaces/zedf9k_eval_ws/ros_gnss_ws/src/rtcm_provider_ros/install/rtcm_msgs/share/rtcm_msgs/hook/cmake_prefix_path.sh'
[40.437s] Level 1:colcon.colcon_core.environment:checking '/workspaces/zedf9k_eval_ws/ros_gnss_ws/src/rtcm_provider_ros/install/rtcm_msgs/lib'
[40.440s] Level 1:colcon.colcon_core.shell:create_environment_hook('rtcm_msgs', 'ld_library_path_lib')
[40.442s] INFO:colcon.colcon_core.shell:Creating environment hook '/workspaces/zedf9k_eval_ws/ros_gnss_ws/src/rtcm_provider_ros/install/rtcm_msgs/share/rtcm_msgs/hook/ld_library_path_lib.ps1'
[40.451s] INFO:colcon.colcon_core.shell:Creating environment descriptor '/workspaces/zedf9k_eval_ws/ros_gnss_ws/src/rtcm_provider_ros/install/rtcm_msgs/share/rtcm_msgs/hook/ld_library_path_lib.dsv'
[40.460s] INFO:colcon.colcon_core.shell:Creating environment hook '/workspaces/zedf9k_eval_ws/ros_gnss_ws/src/rtcm_provider_ros/install/rtcm_msgs/share/rtcm_msgs/hook/ld_library_path_lib.sh'
[40.469s] Level 1:colcon.colcon_core.environment:checking '/workspaces/zedf9k_eval_ws/ros_gnss_ws/src/rtcm_provider_ros/install/rtcm_msgs/bin'
[40.470s] Level 1:colcon.colcon_core.environment:checking '/workspaces/zedf9k_eval_ws/ros_gnss_ws/src/rtcm_provider_ros/install/rtcm_msgs/lib/pkgconfig/rtcm_msgs.pc'
[40.472s] Level 1:colcon.colcon_core.environment:checking '/workspaces/zedf9k_eval_ws/ros_gnss_ws/src/rtcm_provider_ros/install/rtcm_msgs/lib/python3.8/site-packages'
[40.474s] Level 1:colcon.colcon_core.shell:create_environment_hook('rtcm_msgs', 'pythonpath')
[40.475s] INFO:colcon.colcon_core.shell:Creating environment hook '/workspaces/zedf9k_eval_ws/ros_gnss_ws/src/rtcm_provider_ros/install/rtcm_msgs/share/rtcm_msgs/hook/pythonpath.ps1'
[40.487s] INFO:colcon.colcon_core.shell:Creating environment descriptor '/workspaces/zedf9k_eval_ws/ros_gnss_ws/src/rtcm_provider_ros/install/rtcm_msgs/share/rtcm_msgs/hook/pythonpath.dsv'
[40.496s] INFO:colcon.colcon_core.shell:Creating environment hook '/workspaces/zedf9k_eval_ws/ros_gnss_ws/src/rtcm_provider_ros/install/rtcm_msgs/share/rtcm_msgs/hook/pythonpath.sh'
[40.504s] Level 1:colcon.colcon_core.environment:checking '/workspaces/zedf9k_eval_ws/ros_gnss_ws/src/rtcm_provider_ros/install/rtcm_msgs/bin'
[40.506s] INFO:colcon.colcon_core.shell:Creating package script '/workspaces/zedf9k_eval_ws/ros_gnss_ws/src/rtcm_provider_ros/install/rtcm_msgs/share/rtcm_msgs/package.ps1'
[40.521s] INFO:colcon.colcon_core.shell:Creating package descriptor '/workspaces/zedf9k_eval_ws/ros_gnss_ws/src/rtcm_provider_ros/install/rtcm_msgs/share/rtcm_msgs/package.dsv'
[40.533s] INFO:colcon.colcon_core.shell:Creating package script '/workspaces/zedf9k_eval_ws/ros_gnss_ws/src/rtcm_provider_ros/install/rtcm_msgs/share/rtcm_msgs/package.sh'
[40.543s] INFO:colcon.colcon_core.shell:Creating package script '/workspaces/zedf9k_eval_ws/ros_gnss_ws/src/rtcm_provider_ros/install/rtcm_msgs/share/rtcm_msgs/package.bash'
[40.553s] INFO:colcon.colcon_core.shell:Creating package script '/workspaces/zedf9k_eval_ws/ros_gnss_ws/src/rtcm_provider_ros/install/rtcm_msgs/share/rtcm_msgs/package.zsh'
[40.566s] Level 1:colcon.colcon_core.environment:create_file_with_runtime_dependencies(/workspaces/zedf9k_eval_ws/ros_gnss_ws/src/rtcm_provider_ros/install/rtcm_msgs/share/colcon-core/packages/rtcm_msgs)
[41.922s] Level 1:colcon.colcon_core.environment:create_environment_scripts_only(rtcm_msgs)
[41.924s] Level 1:colcon.colcon_core.environment:checking '/workspaces/zedf9k_eval_ws/ros_gnss_ws/src/rtcm_provider_ros/install/rtcm_msgs' for CMake module files
[42.069s] Level 1:colcon.colcon_core.environment:checking '/workspaces/zedf9k_eval_ws/ros_gnss_ws/src/rtcm_provider_ros/install/rtcm_msgs' for CMake config files
[42.175s] Level 1:colcon.colcon_core.shell:create_environment_hook('rtcm_msgs', 'cmake_prefix_path')
[42.176s] INFO:colcon.colcon_core.shell:Creating environment hook '/workspaces/zedf9k_eval_ws/ros_gnss_ws/src/rtcm_provider_ros/install/rtcm_msgs/share/rtcm_msgs/hook/cmake_prefix_path.ps1'
[42.190s] INFO:colcon.colcon_core.shell:Creating environment descriptor '/workspaces/zedf9k_eval_ws/ros_gnss_ws/src/rtcm_provider_ros/install/rtcm_msgs/share/rtcm_msgs/hook/cmake_prefix_path.dsv'
[42.205s] INFO:colcon.colcon_core.shell:Creating environment hook '/workspaces/zedf9k_eval_ws/ros_gnss_ws/src/rtcm_provider_ros/install/rtcm_msgs/share/rtcm_msgs/hook/cmake_prefix_path.sh'
[42.219s] Level 1:colcon.colcon_core.environment:checking '/workspaces/zedf9k_eval_ws/ros_gnss_ws/src/rtcm_provider_ros/install/rtcm_msgs/lib'
[42.222s] Level 1:colcon.colcon_core.shell:create_environment_hook('rtcm_msgs', 'ld_library_path_lib')
[42.224s] INFO:colcon.colcon_core.shell:Creating environment hook '/workspaces/zedf9k_eval_ws/ros_gnss_ws/src/rtcm_provider_ros/install/rtcm_msgs/share/rtcm_msgs/hook/ld_library_path_lib.ps1'
[42.234s] INFO:colcon.colcon_core.shell:Creating environment descriptor '/workspaces/zedf9k_eval_ws/ros_gnss_ws/src/rtcm_provider_ros/install/rtcm_msgs/share/rtcm_msgs/hook/ld_library_path_lib.dsv'
[42.245s] INFO:colcon.colcon_core.shell:Creating environment hook '/workspaces/zedf9k_eval_ws/ros_gnss_ws/src/rtcm_provider_ros/install/rtcm_msgs/share/rtcm_msgs/hook/ld_library_path_lib.sh'
[42.255s] Level 1:colcon.colcon_core.environment:checking '/workspaces/zedf9k_eval_ws/ros_gnss_ws/src/rtcm_provider_ros/install/rtcm_msgs/bin'
[42.256s] Level 1:colcon.colcon_core.environment:checking '/workspaces/zedf9k_eval_ws/ros_gnss_ws/src/rtcm_provider_ros/install/rtcm_msgs/lib/pkgconfig/rtcm_msgs.pc'
[42.258s] Level 1:colcon.colcon_core.environment:checking '/workspaces/zedf9k_eval_ws/ros_gnss_ws/src/rtcm_provider_ros/install/rtcm_msgs/lib/python3.8/site-packages'
[42.260s] Level 1:colcon.colcon_core.shell:create_environment_hook('rtcm_msgs', 'pythonpath')
[42.261s] INFO:colcon.colcon_core.shell:Creating environment hook '/workspaces/zedf9k_eval_ws/ros_gnss_ws/src/rtcm_provider_ros/install/rtcm_msgs/share/rtcm_msgs/hook/pythonpath.ps1'
[42.272s] INFO:colcon.colcon_core.shell:Creating environment descriptor '/workspaces/zedf9k_eval_ws/ros_gnss_ws/src/rtcm_provider_ros/install/rtcm_msgs/share/rtcm_msgs/hook/pythonpath.dsv'
[42.283s] INFO:colcon.colcon_core.shell:Creating environment hook '/workspaces/zedf9k_eval_ws/ros_gnss_ws/src/rtcm_provider_ros/install/rtcm_msgs/share/rtcm_msgs/hook/pythonpath.sh'
[42.295s] Level 1:colcon.colcon_core.environment:checking '/workspaces/zedf9k_eval_ws/ros_gnss_ws/src/rtcm_provider_ros/install/rtcm_msgs/bin'
[42.299s] INFO:colcon.colcon_core.shell:Creating package script '/workspaces/zedf9k_eval_ws/ros_gnss_ws/src/rtcm_provider_ros/install/rtcm_msgs/share/rtcm_msgs/package.ps1'
[42.314s] INFO:colcon.colcon_core.shell:Creating package descriptor '/workspaces/zedf9k_eval_ws/ros_gnss_ws/src/rtcm_provider_ros/install/rtcm_msgs/share/rtcm_msgs/package.dsv'
[42.328s] INFO:colcon.colcon_core.shell:Creating package script '/workspaces/zedf9k_eval_ws/ros_gnss_ws/src/rtcm_provider_ros/install/rtcm_msgs/share/rtcm_msgs/package.sh'
[42.340s] INFO:colcon.colcon_core.shell:Creating package script '/workspaces/zedf9k_eval_ws/ros_gnss_ws/src/rtcm_provider_ros/install/rtcm_msgs/share/rtcm_msgs/package.bash'
[42.354s] INFO:colcon.colcon_core.shell:Creating package script '/workspaces/zedf9k_eval_ws/ros_gnss_ws/src/rtcm_provider_ros/install/rtcm_msgs/share/rtcm_msgs/package.zsh'
[42.368s] Level 1:colcon.colcon_core.environment:create_file_with_runtime_dependencies(/workspaces/zedf9k_eval_ws/ros_gnss_ws/src/rtcm_provider_ros/install/rtcm_msgs/share/colcon-core/packages/rtcm_msgs)
[42.378s] DEBUG:colcon.colcon_parallel_executor.executor.parallel:closing loop
[42.379s] DEBUG:colcon.colcon_parallel_executor.executor.parallel:loop closed
[42.379s] DEBUG:colcon.colcon_parallel_executor.executor.parallel:run_until_complete finished with '0'
[42.379s] DEBUG:colcon.colcon_core.event_reactor:joining thread
[42.432s] INFO:colcon.colcon_core.plugin_system:Skipping extension 'colcon_notification.desktop_notification.notify_send': Could not find 'notify-send'
[42.432s] INFO:colcon.colcon_core.plugin_system:Skipping extension 'colcon_notification.desktop_notification.terminal_notifier': Not used on non-Darwin systems
[42.433s] INFO:colcon.colcon_core.plugin_system:Skipping extension 'colcon_notification.desktop_notification.win32': Not used on non-Windows systems
[42.433s] INFO:colcon.colcon_notification.desktop_notification:Sending desktop notification using 'notify2'
[44.536s] DEBUG:colcon.colcon_notification.desktop_notification.notify2:Failed to initialize notify2: org.freedesktop.DBus.Error.Spawn.ExecFailed: /usr/bin/dbus-launch terminated abnormally with the following error: Autolaunch error: X11 initialization failed.

[44.537s] DEBUG:colcon.colcon_core.event_reactor:joined thread
[44.538s] INFO:colcon.colcon_core.shell:Creating prefix script '/workspaces/zedf9k_eval_ws/ros_gnss_ws/src/rtcm_provider_ros/install/local_setup.ps1'
[44.543s] INFO:colcon.colcon_core.shell:Creating prefix util module '/workspaces/zedf9k_eval_ws/ros_gnss_ws/src/rtcm_provider_ros/install/_local_setup_util_ps1.py'
[44.553s] INFO:colcon.colcon_core.shell:Creating prefix chain script '/workspaces/zedf9k_eval_ws/ros_gnss_ws/src/rtcm_provider_ros/install/setup.ps1'
[44.582s] INFO:colcon.colcon_core.shell:Creating prefix script '/workspaces/zedf9k_eval_ws/ros_gnss_ws/src/rtcm_provider_ros/install/local_setup.sh'
[44.586s] INFO:colcon.colcon_core.shell:Creating prefix util module '/workspaces/zedf9k_eval_ws/ros_gnss_ws/src/rtcm_provider_ros/install/_local_setup_util_sh.py'
[44.589s] INFO:colcon.colcon_core.shell:Creating prefix chain script '/workspaces/zedf9k_eval_ws/ros_gnss_ws/src/rtcm_provider_ros/install/setup.sh'
[44.615s] INFO:colcon.colcon_core.shell:Creating prefix script '/workspaces/zedf9k_eval_ws/ros_gnss_ws/src/rtcm_provider_ros/install/local_setup.bash'
[44.619s] INFO:colcon.colcon_core.shell:Creating prefix chain script '/workspaces/zedf9k_eval_ws/ros_gnss_ws/src/rtcm_provider_ros/install/setup.bash'
[44.643s] INFO:colcon.colcon_core.shell:Creating prefix script '/workspaces/zedf9k_eval_ws/ros_gnss_ws/src/rtcm_provider_ros/install/local_setup.zsh'
[44.652s] INFO:colcon.colcon_core.shell:Creating prefix chain script '/workspaces/zedf9k_eval_ws/ros_gnss_ws/src/rtcm_provider_ros/install/setup.zsh'
